"../../../Engine/Content/EditorResources/S_Actor.ubulk" 0
"../../../Engine/Content/EditorResources/S_Actor.uasset" 1
"../../../Engine/Content/EditorResources/S_Actor.uexp" 2
"../../../Engine/Content/EditorResources/S_BoxReflectionCapture.uasset" 3
"../../../Engine/Content/EditorResources/S_BoxReflectionCapture.uexp" 4
"../../../Engine/Content/EngineResources/DefaultTexture.ubulk" 5
"../../../Engine/Content/EngineResources/DefaultTexture.uasset" 6
"../../../Engine/Content/EngineResources/DefaultTexture.uexp" 7
"../../../Engine/Content/EngineResources/DefaultTextureCube.uasset" 8
"../../../Engine/Content/EngineResources/DefaultTextureCube.uexp" 9
"../../../Engine/Content/EngineResources/DefaultVolumeTexture2D.uasset" 10
"../../../Engine/Content/EngineResources/DefaultVolumeTexture2D.uexp" 11
"../../../Engine/Content/EngineResources/DefaultVolumeTexture.uasset" 12
"../../../Engine/Content/EngineResources/DefaultVolumeTexture.uexp" 13
"../../../Engine/Content/EditorResources/S_Trigger.ubulk" 14
"../../../Engine/Content/EditorResources/S_Trigger.uasset" 15
"../../../Engine/Content/EditorResources/S_Trigger.uexp" 16
"../../../Engine/Content/EditorResources/S_TriggerBox.uasset" 17
"../../../Engine/Content/EditorResources/S_TriggerBox.uexp" 18
"../../../Engine/Content/EditorResources/S_TriggerCapsule.uasset" 19
"../../../Engine/Content/EditorResources/S_TriggerCapsule.uexp" 20
"../../../Engine/Content/EditorResources/S_TriggerSphere.uasset" 21
"../../../Engine/Content/EditorResources/S_TriggerSphere.uexp" 22
"../../../Engine/Content/EngineMeshes/Sphere.ubulk" 23
"../../../Engine/Content/EngineMeshes/Sphere.uasset" 24
"../../../Engine/Content/EngineMeshes/Sphere.uexp" 25
"../../../Engine/Content/EngineResources/GradientTexture0.uasset" 26
"../../../Engine/Content/EngineResources/GradientTexture0.uexp" 27
"../../../Engine/Content/EngineResources/Black.uasset" 28
"../../../Engine/Content/EngineResources/Black.uexp" 29
"../../../Engine/Content/VREditor/LaserPointer/VR_LaserPower_01.ubulk" 30
"../../../Engine/Content/VREditor/LaserPointer/VR_LaserPower_01.uasset" 31
"../../../Engine/Content/VREditor/LaserPointer/VR_LaserPower_01.uexp" 32
"../../../Engine/Content/VREditor/TransformGizmo/TransformGizmoMaterial.uasset" 33
"../../../Engine/Content/VREditor/TransformGizmo/TransformGizmoMaterial.uexp" 34
"../../../Engine/Content/VREditor/TransformGizmo/TranslucentTransformGizmoMaterial.uasset" 35
"../../../Engine/Content/VREditor/TransformGizmo/TranslucentTransformGizmoMaterial.uexp" 36
"../../../Engine/Content/VREditor/TransformGizmo/PlaneTranslationHandle.ubulk" 37
"../../../Engine/Content/VREditor/TransformGizmo/PlaneTranslationHandle.uasset" 38
"../../../Engine/Content/VREditor/TransformGizmo/PlaneTranslationHandle.uexp" 39
"../../../Engine/Content/VREditor/TransformGizmo/BoundingBoxCorner.ubulk" 40
"../../../Engine/Content/VREditor/TransformGizmo/BoundingBoxCorner.uasset" 41
"../../../Engine/Content/VREditor/TransformGizmo/BoundingBoxCorner.uexp" 42
"../../../Engine/Content/VREditor/TransformGizmo/BoundingBoxEdge.ubulk" 43
"../../../Engine/Content/VREditor/TransformGizmo/BoundingBoxEdge.uasset" 44
"../../../Engine/Content/VREditor/TransformGizmo/BoundingBoxEdge.uexp" 45
"../../../Engine/Content/VREditor/TransformGizmo/Main.uasset" 46
"../../../Engine/Content/VREditor/TransformGizmo/Main.uexp" 47
"../../../Engine/Content/VREditor/TransformGizmo/Xray.uasset" 48
"../../../Engine/Content/VREditor/TransformGizmo/Xray.uexp" 49
"../../../Engine/Content/VREditor/TransformGizmo/SM_Sequencer_Node.ubulk" 50
"../../../Engine/Content/VREditor/TransformGizmo/SM_Sequencer_Node.uasset" 51
"../../../Engine/Content/VREditor/TransformGizmo/SM_Sequencer_Node.uexp" 52
"../../../Engine/Content/EditorMaterials/Camera/CineMat.uasset" 53
"../../../Engine/Content/EditorMaterials/Camera/CineMat.uexp" 54
"../../../Engine/Content/EditorMaterials/Camera/MI_CineMat_Rig.uasset" 55
"../../../Engine/Content/EditorMaterials/Camera/MI_CineMat_Rig.uexp" 56
"../../../Engine/Content/EditorMeshes/Camera/SM_CraneRig_Base.ubulk" 57
"../../../Engine/Content/EditorMeshes/Camera/SM_CraneRig_Base.uasset" 58
"../../../Engine/Content/EditorMeshes/Camera/SM_CraneRig_Base.uexp" 59
"../../../Engine/Content/EditorMeshes/Camera/SM_CraneRig_Arm.ubulk" 60
"../../../Engine/Content/EditorMeshes/Camera/SM_CraneRig_Arm.uasset" 61
"../../../Engine/Content/EditorMeshes/Camera/SM_CraneRig_Arm.uexp" 62
"../../../Engine/Content/EditorMeshes/Camera/SM_CraneRig_Mount.ubulk" 63
"../../../Engine/Content/EditorMeshes/Camera/SM_CraneRig_Mount.uasset" 64
"../../../Engine/Content/EditorMeshes/Camera/SM_CraneRig_Mount.uexp" 65
"../../../Engine/Content/EditorMeshes/Camera/SM_CraneRig_Body.ubulk" 66
"../../../Engine/Content/EditorMeshes/Camera/SM_CraneRig_Body.uasset" 67
"../../../Engine/Content/EditorMeshes/Camera/SM_CraneRig_Body.uexp" 68
"../../../Engine/Content/EditorMeshes/Camera/SM_RailRig_Track.ubulk" 69
"../../../Engine/Content/EditorMeshes/Camera/SM_RailRig_Track.uasset" 70
"../../../Engine/Content/EditorMeshes/Camera/SM_RailRig_Track.uexp" 71
"../../../Engine/Content/EditorMeshes/Camera/SM_RailRig_Mount.ubulk" 72
"../../../Engine/Content/EditorMeshes/Camera/SM_RailRig_Mount.uasset" 73
"../../../Engine/Content/EditorMeshes/Camera/SM_RailRig_Mount.uexp" 74
"../../../Engine/Content/EngineMaterials/T_Default_Material_Grid_M.ubulk" 75
"../../../Engine/Content/EngineMaterials/T_Default_Material_Grid_M.uasset" 76
"../../../Engine/Content/EngineMaterials/T_Default_Material_Grid_M.uexp" 77
"../../../Engine/Content/EngineMaterials/T_Default_Material_Grid_N.ubulk" 78
"../../../Engine/Content/EngineMaterials/T_Default_Material_Grid_N.uasset" 79
"../../../Engine/Content/EngineMaterials/T_Default_Material_Grid_N.uexp" 80
"../../../Engine/Content/Functions/Engine_MaterialFunctions01/Opacity/CameraDepthFade.uasset" 81
"../../../Engine/Content/Functions/Engine_MaterialFunctions01/Opacity/CameraDepthFade.uexp" 82
"../../../Engine/Content/EngineMaterials/WorldGridMaterial.uasset" 83
"../../../Engine/Content/EngineMaterials/WorldGridMaterial.uexp" 84
"../../../Engine/Content/ArtTools/RenderToTexture/Meshes/S_1_Unit_Plane.ubulk" 85
"../../../Engine/Content/ArtTools/RenderToTexture/Meshes/S_1_Unit_Plane.uasset" 86
"../../../Engine/Content/ArtTools/RenderToTexture/Meshes/S_1_Unit_Plane.uexp" 87
"../../../Engine/Content/EditorMaterials/ParticleSystems/PSysThumbnail_NoImage.ubulk" 88
"../../../Engine/Content/EditorMaterials/ParticleSystems/PSysThumbnail_NoImage.uasset" 89
"../../../Engine/Content/EditorMaterials/ParticleSystems/PSysThumbnail_NoImage.uexp" 90
"../../../Engine/Content/EditorMaterials/ParticleSystems/PSysThumbnail_OOD.ubulk" 91
"../../../Engine/Content/EditorMaterials/ParticleSystems/PSysThumbnail_OOD.uasset" 92
"../../../Engine/Content/EditorMaterials/ParticleSystems/PSysThumbnail_OOD.uexp" 93
"../../../Engine/Content/EditorLandscapeResources/SplineEditorMeshMat.uasset" 94
"../../../Engine/Content/EditorLandscapeResources/SplineEditorMeshMat.uexp" 95
"../../../Engine/Content/EditorLandscapeResources/SplineEditorMesh.ubulk" 96
"../../../Engine/Content/EditorLandscapeResources/SplineEditorMesh.uasset" 97
"../../../Engine/Content/EditorLandscapeResources/SplineEditorMesh.uexp" 98
"../../../Engine/Content/EditorResources/S_Solver.ubulk" 99
"../../../Engine/Content/EditorResources/S_Solver.uasset" 100
"../../../Engine/Content/EditorResources/S_Solver.uexp" 101
"../../../Engine/Plugins/Media/MediaPlate/Content/SM_MediaPlateScreen.ubulk" 102
"../../../Engine/Plugins/Media/MediaPlate/Content/SM_MediaPlateScreen.uasset" 103
"../../../Engine/Plugins/Media/MediaPlate/Content/SM_MediaPlateScreen.uexp" 104
"../../../Engine/Content/EngineMaterials/Good64x64TilingNoiseHighFreq.uasset" 105
"../../../Engine/Content/EngineMaterials/Good64x64TilingNoiseHighFreq.uexp" 106
"../../../Engine/Content/EngineMaterials/DefaultBokeh.uasset" 107
"../../../Engine/Content/EngineMaterials/DefaultBokeh.uexp" 108
"../../../Engine/Content/EngineMaterials/PreintegratedSkinBRDF.uasset" 109
"../../../Engine/Content/EngineMaterials/PreintegratedSkinBRDF.uexp" 110
"../../../Engine/Content/EngineMaterials/MiniFont.uasset" 111
"../../../Engine/Content/EngineMaterials/MiniFont.uexp" 112
"../../../Engine/Content/EngineMaterials/WeightMapPlaceholderTexture.uasset" 113
"../../../Engine/Content/EngineMaterials/WeightMapPlaceholderTexture.uexp" 114
"../../../Engine/Content/EngineMaterials/DefaultWhiteGrid.ubulk" 115
"../../../Engine/Content/EngineMaterials/DefaultWhiteGrid.uasset" 116
"../../../Engine/Content/EngineMaterials/DefaultWhiteGrid.uexp" 117
"../../../Engine/Plugins/2D/Paper2D/Content/PlaceholderTextures/DummySpriteTexture.ubulk" 118
"../../../Engine/Plugins/2D/Paper2D/Content/PlaceholderTextures/DummySpriteTexture.uasset" 119
"../../../Engine/Plugins/2D/Paper2D/Content/PlaceholderTextures/DummySpriteTexture.uexp" 120
"../../../Engine/Plugins/2D/Paper2D/Content/DefaultSpriteMaterial.uasset" 121
"../../../Engine/Plugins/2D/Paper2D/Content/DefaultSpriteMaterial.uexp" 122
"../../../Engine/Plugins/2D/Paper2D/Content/OpaqueUnlitSpriteMaterial.uasset" 123
"../../../Engine/Plugins/2D/Paper2D/Content/OpaqueUnlitSpriteMaterial.uexp" 124
"../../../Engine/Plugins/2D/Paper2D/Content/MaskedUnlitSpriteMaterial.uasset" 125
"../../../Engine/Plugins/2D/Paper2D/Content/MaskedUnlitSpriteMaterial.uexp" 126
"../../../Engine/Plugins/2D/Paper2D/Content/DummySprite.uasset" 127
"../../../Engine/Plugins/2D/Paper2D/Content/DummySprite.uexp" 128
"../../../Engine/Plugins/2D/Paper2D/Content/DefaultPaperTerrainMaterial.uasset" 129
"../../../Engine/Plugins/2D/Paper2D/Content/DefaultPaperTerrainMaterial.uexp" 130
"../../../Engine/Content/Functions/Engine_MaterialFunctions02/WorldPositionOffset/CameraOffset.uasset" 131
"../../../Engine/Content/Functions/Engine_MaterialFunctions02/WorldPositionOffset/CameraOffset.uexp" 132
"../../../Engine/Plugins/Animation/ControlRig/Content/M_Manip.uasset" 133
"../../../Engine/Plugins/Animation/ControlRig/Content/M_Manip.uexp" 134
"../../../Engine/Plugins/Runtime/MeshModelingToolset/Content/Materials/M_DynamicMeshComponentVtxColor.uasset" 135
"../../../Engine/Plugins/Runtime/MeshModelingToolset/Content/Materials/M_DynamicMeshComponentVtxColor.uexp" 136
"../../../Engine/Plugins/Interchange/Runtime/Content/Pipelines/DefaultTexturePipeline.uasset" 137
"../../../Engine/Plugins/Interchange/Runtime/Content/Pipelines/DefaultTexturePipeline.uexp" 138
"../../../Engine/Plugins/Interchange/Runtime/Content/Pipelines/DefaultSceneLevelPipeline.uasset" 139
"../../../Engine/Plugins/Interchange/Runtime/Content/Pipelines/DefaultSceneLevelPipeline.uexp" 140
"../../../Engine/Plugins/Interchange/Runtime/Content/Pipelines/DefaultSceneAssetsPipeline.uasset" 141
"../../../Engine/Plugins/Interchange/Runtime/Content/Pipelines/DefaultSceneAssetsPipeline.uexp" 142
"../../../Engine/Plugins/Interchange/Runtime/Content/Pipelines/DefaultMaterialPipeline.uasset" 143
"../../../Engine/Plugins/Interchange/Runtime/Content/Pipelines/DefaultMaterialPipeline.uexp" 144
"../../../Engine/Plugins/Interchange/Runtime/Content/Pipelines/DefaultAssetsPipeline.uasset" 145
"../../../Engine/Plugins/Interchange/Runtime/Content/Pipelines/DefaultAssetsPipeline.uexp" 146
"../../../Engine/Plugins/Editor/SpeedTreeImporter/Content/SpeedTree9/game_wind_noise.ubulk" 147
"../../../Engine/Plugins/Editor/SpeedTreeImporter/Content/SpeedTree9/game_wind_noise.uasset" 148
"../../../Engine/Plugins/Editor/SpeedTreeImporter/Content/SpeedTree9/game_wind_noise.uexp" 149
"../../../Engine/Plugins/Editor/SpeedTreeImporter/Content/SpeedTree9/UnpackDirection.uasset" 150
"../../../Engine/Plugins/Editor/SpeedTreeImporter/Content/SpeedTree9/UnpackDirection.uexp" 151
"../../../Engine/Content/Functions/Engine_MaterialFunctions02/ObjectLocalBounds.uasset" 152
"../../../Engine/Content/Functions/Engine_MaterialFunctions02/ObjectLocalBounds.uexp" 153
"../../../Engine/Content/Functions/Engine_MaterialFunctions02/Utility/BreakOutFloat3Components.uasset" 154
"../../../Engine/Content/Functions/Engine_MaterialFunctions02/Utility/BreakOutFloat3Components.uexp" 155
"../../../Engine/Content/Functions/Engine_MaterialFunctions02/UVs/BoundingBoxBased_0-1_UVW.uasset" 156
"../../../Engine/Content/Functions/Engine_MaterialFunctions02/UVs/BoundingBoxBased_0-1_UVW.uexp" 157
"../../../Engine/Content/Functions/Engine_MaterialFunctions02/Utility/VectorLength.uasset" 158
"../../../Engine/Content/Functions/Engine_MaterialFunctions02/Utility/VectorLength.uexp" 159
"../../../Engine/Plugins/Editor/SpeedTreeImporter/Content/SpeedTree9/UnpackInteger3.uasset" 160
"../../../Engine/Plugins/Editor/SpeedTreeImporter/Content/SpeedTree9/UnpackInteger3.uexp" 161
"../../../Engine/Plugins/Editor/SpeedTreeImporter/Content/SpeedTree9/SpeedTreeCameraFacing.uasset" 162
"../../../Engine/Plugins/Editor/SpeedTreeImporter/Content/SpeedTree9/SpeedTreeCameraFacing.uexp" 163
"../../../Engine/Content/Functions/Engine_MaterialFunctions02/WorldPositionOffset/ObjectScale.uasset" 164
"../../../Engine/Content/Functions/Engine_MaterialFunctions02/WorldPositionOffset/ObjectScale.uexp" 165
"../../../Engine/Content/Functions/Engine_MaterialFunctions02/SafeNormalize.uasset" 166
"../../../Engine/Content/Functions/Engine_MaterialFunctions02/SafeNormalize.uexp" 167
"../../../Engine/Plugins/Editor/SpeedTreeImporter/Content/SpeedTree9/SpeedTreeWindMotion.uasset" 168
"../../../Engine/Plugins/Editor/SpeedTreeImporter/Content/SpeedTree9/SpeedTreeWindMotion.uexp" 169
"../../../Engine/Plugins/Editor/SpeedTreeImporter/Content/SpeedTree9/SpeedTreeBranchMotion.uasset" 170
"../../../Engine/Plugins/Editor/SpeedTreeImporter/Content/SpeedTree9/SpeedTreeBranchMotion.uexp" 171
"../../../Engine/Plugins/Editor/SpeedTreeImporter/Content/SpeedTree9/SpeedTreeWind.uasset" 172
"../../../Engine/Plugins/Editor/SpeedTreeImporter/Content/SpeedTree9/SpeedTreeWind.uexp" 173
"../../../Engine/Plugins/Editor/SpeedTreeImporter/Content/SpeedTree9/EmptyNormal.uasset" 174
"../../../Engine/Plugins/Editor/SpeedTreeImporter/Content/SpeedTree9/EmptyNormal.uexp" 175
"../../../Engine/Plugins/Editor/SpeedTreeImporter/Content/SpeedTree9/Empty.uasset" 176
"../../../Engine/Plugins/Editor/SpeedTreeImporter/Content/SpeedTree9/Empty.uexp" 177
"../../../Engine/Plugins/Editor/SpeedTreeImporter/Content/SpeedTree9/SpeedTreeMaster.uasset" 178
"../../../Engine/Plugins/Editor/SpeedTreeImporter/Content/SpeedTree9/SpeedTreeMaster.uexp" 179
"../../../Engine/Plugins/Editor/SpeedTreeImporter/Content/SpeedTree9/SpeedTreeBillboard.uasset" 180
"../../../Engine/Plugins/Editor/SpeedTreeImporter/Content/SpeedTree9/SpeedTreeBillboard.uexp" 181
"../../../Engine/Plugins/Editor/SpeedTreeImporter/Content/SpeedTree9/SpeedTreeBillboardMaster.uasset" 182
"../../../Engine/Plugins/Editor/SpeedTreeImporter/Content/SpeedTree9/SpeedTreeBillboardMaster.uexp" 183
"../../../Engine/Plugins/Animation/ControlRig/Content/Controls/DefaultGizmoLibraryNormalized.uasset" 184
"../../../Engine/Plugins/Animation/ControlRig/Content/Controls/DefaultGizmoLibraryNormalized.uexp" 185
"../../../Engine/Plugins/Animation/ControlRig/Content/Controls/ControlRig_Wedge_solid.ubulk" 186
"../../../Engine/Plugins/Animation/ControlRig/Content/Controls/ControlRig_Wedge_solid.uasset" 187
"../../../Engine/Plugins/Animation/ControlRig/Content/Controls/ControlRig_Wedge_solid.uexp" 188
"../../../Engine/Plugins/Animation/ControlRig/Content/Controls/ControlRig_Wedge_3mm.ubulk" 189
"../../../Engine/Plugins/Animation/ControlRig/Content/Controls/ControlRig_Wedge_3mm.uasset" 190
"../../../Engine/Plugins/Animation/ControlRig/Content/Controls/ControlRig_Wedge_3mm.uexp" 191
"../../../Engine/Plugins/Animation/ControlRig/Content/Controls/ControlRig_Wedge_1mm.ubulk" 192
"../../../Engine/Plugins/Animation/ControlRig/Content/Controls/ControlRig_Wedge_1mm.uasset" 193
"../../../Engine/Plugins/Animation/ControlRig/Content/Controls/ControlRig_Wedge_1mm.uexp" 194
"../../../Engine/Plugins/Animation/ControlRig/Content/Controls/ControlRig_Triangle_solid.ubulk" 195
"../../../Engine/Plugins/Animation/ControlRig/Content/Controls/ControlRig_Triangle_solid.uasset" 196
"../../../Engine/Plugins/Animation/ControlRig/Content/Controls/ControlRig_Triangle_solid.uexp" 197
"../../../Engine/Plugins/Animation/ControlRig/Content/Controls/ControlRig_Triangle_3mm.ubulk" 198
"../../../Engine/Plugins/Animation/ControlRig/Content/Controls/ControlRig_Triangle_3mm.uasset" 199
"../../../Engine/Plugins/Animation/ControlRig/Content/Controls/ControlRig_Triangle_3mm.uexp" 200
"../../../Engine/Plugins/Animation/ControlRig/Content/Controls/ControlRig_Triangle_1mm.ubulk" 201
"../../../Engine/Plugins/Animation/ControlRig/Content/Controls/ControlRig_Triangle_1mm.uasset" 202
"../../../Engine/Plugins/Animation/ControlRig/Content/Controls/ControlRig_Triangle_1mm.uexp" 203
"../../../Engine/Plugins/Animation/ControlRig/Content/Controls/ControlRig_Star4_solid.ubulk" 204
"../../../Engine/Plugins/Animation/ControlRig/Content/Controls/ControlRig_Star4_solid.uasset" 205
"../../../Engine/Plugins/Animation/ControlRig/Content/Controls/ControlRig_Star4_solid.uexp" 206
"../../../Engine/Plugins/Animation/ControlRig/Content/Controls/ControlRig_Star4_3mm.ubulk" 207
"../../../Engine/Plugins/Animation/ControlRig/Content/Controls/ControlRig_Star4_3mm.uasset" 208
"../../../Engine/Plugins/Animation/ControlRig/Content/Controls/ControlRig_Star4_3mm.uexp" 209
"../../../Engine/Plugins/Animation/ControlRig/Content/Controls/ControlRig_Star4_1mm.ubulk" 210
"../../../Engine/Plugins/Animation/ControlRig/Content/Controls/ControlRig_Star4_1mm.uasset" 211
"../../../Engine/Plugins/Animation/ControlRig/Content/Controls/ControlRig_Star4_1mm.uexp" 212
"../../../Engine/Plugins/Animation/ControlRig/Content/Controls/ControlRig_Square_solid.ubulk" 213
"../../../Engine/Plugins/Animation/ControlRig/Content/Controls/ControlRig_Square_solid.uasset" 214
"../../../Engine/Plugins/Animation/ControlRig/Content/Controls/ControlRig_Square_solid.uexp" 215
"../../../Engine/Plugins/Animation/ControlRig/Content/Controls/ControlRig_Square_3mm.ubulk" 216
"../../../Engine/Plugins/Animation/ControlRig/Content/Controls/ControlRig_Square_3mm.uasset" 217
"../../../Engine/Plugins/Animation/ControlRig/Content/Controls/ControlRig_Square_3mm.uexp" 218
"../../../Engine/Plugins/Animation/ControlRig/Content/Controls/ControlRig_Square_1mm.ubulk" 219
"../../../Engine/Plugins/Animation/ControlRig/Content/Controls/ControlRig_Square_1mm.uasset" 220
"../../../Engine/Plugins/Animation/ControlRig/Content/Controls/ControlRig_Square_1mm.uexp" 221
"../../../Engine/Plugins/Animation/ControlRig/Content/Controls/ControlRig_Sphere_solid.ubulk" 222
"../../../Engine/Plugins/Animation/ControlRig/Content/Controls/ControlRig_Sphere_solid.uasset" 223
"../../../Engine/Plugins/Animation/ControlRig/Content/Controls/ControlRig_Sphere_solid.uexp" 224
"../../../Engine/Plugins/Animation/ControlRig/Content/Controls/ControlRig_Sphere_3mm.ubulk" 225
"../../../Engine/Plugins/Animation/ControlRig/Content/Controls/ControlRig_Sphere_3mm.uasset" 226
"../../../Engine/Plugins/Animation/ControlRig/Content/Controls/ControlRig_Sphere_3mm.uexp" 227
"../../../Engine/Plugins/Animation/ControlRig/Content/Controls/ControlRig_Sphere_1mm.ubulk" 228
"../../../Engine/Plugins/Animation/ControlRig/Content/Controls/ControlRig_Sphere_1mm.uasset" 229
"../../../Engine/Plugins/Animation/ControlRig/Content/Controls/ControlRig_Sphere_1mm.uexp" 230
"../../../Engine/Plugins/Animation/ControlRig/Content/Controls/ControlRig_RoundedTriangle_solid.ubulk" 231
"../../../Engine/Plugins/Animation/ControlRig/Content/Controls/ControlRig_RoundedTriangle_solid.uasset" 232
"../../../Engine/Plugins/Animation/ControlRig/Content/Controls/ControlRig_RoundedTriangle_solid.uexp" 233
"../../../Engine/Plugins/Animation/ControlRig/Content/Controls/ControlRig_RoundedTriangle_3mm.ubulk" 234
"../../../Engine/Plugins/Animation/ControlRig/Content/Controls/ControlRig_RoundedTriangle_3mm.uasset" 235
"../../../Engine/Plugins/Animation/ControlRig/Content/Controls/ControlRig_RoundedTriangle_3mm.uexp" 236
"../../../Engine/Plugins/Animation/ControlRig/Content/Controls/ControlRig_RoundedTriangle_1mm.ubulk" 237
"../../../Engine/Plugins/Animation/ControlRig/Content/Controls/ControlRig_RoundedTriangle_1mm.uasset" 238
"../../../Engine/Plugins/Animation/ControlRig/Content/Controls/ControlRig_RoundedTriangle_1mm.uexp" 239
"../../../Engine/Plugins/Animation/ControlRig/Content/Controls/ControlRig_RoundedSquare_solid.ubulk" 240
"../../../Engine/Plugins/Animation/ControlRig/Content/Controls/ControlRig_RoundedSquare_solid.uasset" 241
"../../../Engine/Plugins/Animation/ControlRig/Content/Controls/ControlRig_RoundedSquare_solid.uexp" 242
"../../../Engine/Plugins/Animation/ControlRig/Content/Controls/ControlRig_RoundedSquare_3mm.ubulk" 243
"../../../Engine/Plugins/Animation/ControlRig/Content/Controls/ControlRig_RoundedSquare_3mm.uasset" 244
"../../../Engine/Plugins/Animation/ControlRig/Content/Controls/ControlRig_RoundedSquare_3mm.uexp" 245
"../../../Engine/Plugins/Animation/ControlRig/Content/Controls/ControlRig_RoundedSquare_1mm.ubulk" 246
"../../../Engine/Plugins/Animation/ControlRig/Content/Controls/ControlRig_RoundedSquare_1mm.uasset" 247
"../../../Engine/Plugins/Animation/ControlRig/Content/Controls/ControlRig_RoundedSquare_1mm.uexp" 248
"../../../Engine/Plugins/Animation/ControlRig/Content/Controls/ControlRig_QuarterCircle_solid.ubulk" 249
"../../../Engine/Plugins/Animation/ControlRig/Content/Controls/ControlRig_QuarterCircle_solid.uasset" 250
"../../../Engine/Plugins/Animation/ControlRig/Content/Controls/ControlRig_QuarterCircle_solid.uexp" 251
"../../../Engine/Plugins/Animation/ControlRig/Content/Controls/ControlRig_QuarterCircle_3mm.ubulk" 252
"../../../Engine/Plugins/Animation/ControlRig/Content/Controls/ControlRig_QuarterCircle_3mm.uasset" 253
"../../../Engine/Plugins/Animation/ControlRig/Content/Controls/ControlRig_QuarterCircle_3mm.uexp" 254
"../../../Engine/Plugins/Animation/ControlRig/Content/Controls/ControlRig_QuarterCircle_1mm.ubulk" 255
"../../../Engine/Plugins/Animation/ControlRig/Content/Controls/ControlRig_QuarterCircle_1mm.uasset" 256
"../../../Engine/Plugins/Animation/ControlRig/Content/Controls/ControlRig_QuarterCircle_1mm.uexp" 257
"../../../Engine/Plugins/Animation/ControlRig/Content/Controls/ControlRig_Pyramid_solid.ubulk" 258
"../../../Engine/Plugins/Animation/ControlRig/Content/Controls/ControlRig_Pyramid_solid.uasset" 259
"../../../Engine/Plugins/Animation/ControlRig/Content/Controls/ControlRig_Pyramid_solid.uexp" 260
"../../../Engine/Plugins/Animation/ControlRig/Content/Controls/ControlRig_Pyramid_3mm.ubulk" 261
"../../../Engine/Plugins/Animation/ControlRig/Content/Controls/ControlRig_Pyramid_3mm.uasset" 262
"../../../Engine/Plugins/Animation/ControlRig/Content/Controls/ControlRig_Pyramid_3mm.uexp" 263
"../../../Engine/Plugins/Animation/ControlRig/Content/Controls/ControlRig_Pyramid_1mm.ubulk" 264
"../../../Engine/Plugins/Animation/ControlRig/Content/Controls/ControlRig_Pyramid_1mm.uasset" 265
"../../../Engine/Plugins/Animation/ControlRig/Content/Controls/ControlRig_Pyramid_1mm.uexp" 266
"../../../Engine/Plugins/Animation/ControlRig/Content/Controls/ControlRig_Octagon_solid.ubulk" 267
"../../../Engine/Plugins/Animation/ControlRig/Content/Controls/ControlRig_Octagon_solid.uasset" 268
"../../../Engine/Plugins/Animation/ControlRig/Content/Controls/ControlRig_Octagon_solid.uexp" 269
"../../../Engine/Plugins/Animation/ControlRig/Content/Controls/ControlRig_Octagon_3mm.ubulk" 270
"../../../Engine/Plugins/Animation/ControlRig/Content/Controls/ControlRig_Octagon_3mm.uasset" 271
"../../../Engine/Plugins/Animation/ControlRig/Content/Controls/ControlRig_Octagon_3mm.uexp" 272
"../../../Engine/Plugins/Animation/ControlRig/Content/Controls/ControlRig_Octagon_1mm.ubulk" 273
"../../../Engine/Plugins/Animation/ControlRig/Content/Controls/ControlRig_Octagon_1mm.uasset" 274
"../../../Engine/Plugins/Animation/ControlRig/Content/Controls/ControlRig_Octagon_1mm.uexp" 275
"../../../Engine/Plugins/Animation/ControlRig/Content/Controls/ControlRig_Hexagon_solid.ubulk" 276
"../../../Engine/Plugins/Animation/ControlRig/Content/Controls/ControlRig_Hexagon_solid.uasset" 277
"../../../Engine/Plugins/Animation/ControlRig/Content/Controls/ControlRig_Hexagon_solid.uexp" 278
"../../../Engine/Plugins/Animation/ControlRig/Content/Controls/ControlRig_Hexagon_3mm.ubulk" 279
"../../../Engine/Plugins/Animation/ControlRig/Content/Controls/ControlRig_Hexagon_3mm.uasset" 280
"../../../Engine/Plugins/Animation/ControlRig/Content/Controls/ControlRig_Hexagon_3mm.uexp" 281
"../../../Engine/Plugins/Animation/ControlRig/Content/Controls/ControlRig_Hexagon_1mm.ubulk" 282
"../../../Engine/Plugins/Animation/ControlRig/Content/Controls/ControlRig_Hexagon_1mm.uasset" 283
"../../../Engine/Plugins/Animation/ControlRig/Content/Controls/ControlRig_Hexagon_1mm.uexp" 284
"../../../Engine/Plugins/Animation/ControlRig/Content/Controls/ControlRig_HalfCircle_solid.ubulk" 285
"../../../Engine/Plugins/Animation/ControlRig/Content/Controls/ControlRig_HalfCircle_solid.uasset" 286
"../../../Engine/Plugins/Animation/ControlRig/Content/Controls/ControlRig_HalfCircle_solid.uexp" 287
"../../../Engine/Plugins/Animation/ControlRig/Content/Controls/ControlRig_HalfCircle_3mm.ubulk" 288
"../../../Engine/Plugins/Animation/ControlRig/Content/Controls/ControlRig_HalfCircle_3mm.uasset" 289
"../../../Engine/Plugins/Animation/ControlRig/Content/Controls/ControlRig_HalfCircle_3mm.uexp" 290
"../../../Engine/Plugins/Animation/ControlRig/Content/Controls/ControlRig_HalfCircle_1mm.ubulk" 291
"../../../Engine/Plugins/Animation/ControlRig/Content/Controls/ControlRig_HalfCircle_1mm.uasset" 292
"../../../Engine/Plugins/Animation/ControlRig/Content/Controls/ControlRig_HalfCircle_1mm.uexp" 293
"../../../Engine/Plugins/Animation/ControlRig/Content/Controls/ControlRig_Diamond_solid.ubulk" 294
"../../../Engine/Plugins/Animation/ControlRig/Content/Controls/ControlRig_Diamond_solid.uasset" 295
"../../../Engine/Plugins/Animation/ControlRig/Content/Controls/ControlRig_Diamond_solid.uexp" 296
"../../../Engine/Plugins/Animation/ControlRig/Content/Controls/ControlRig_Diamond_3mm.ubulk" 297
"../../../Engine/Plugins/Animation/ControlRig/Content/Controls/ControlRig_Diamond_3mm.uasset" 298
"../../../Engine/Plugins/Animation/ControlRig/Content/Controls/ControlRig_Diamond_3mm.uexp" 299
"../../../Engine/Plugins/Animation/ControlRig/Content/Controls/ControlRig_Diamond_1mm.ubulk" 300
"../../../Engine/Plugins/Animation/ControlRig/Content/Controls/ControlRig_Diamond_1mm.uasset" 301
"../../../Engine/Plugins/Animation/ControlRig/Content/Controls/ControlRig_Diamond_1mm.uexp" 302
"../../../Engine/Plugins/Animation/ControlRig/Content/Controls/ControlRig_Circle_solid.ubulk" 303
"../../../Engine/Plugins/Animation/ControlRig/Content/Controls/ControlRig_Circle_solid.uasset" 304
"../../../Engine/Plugins/Animation/ControlRig/Content/Controls/ControlRig_Circle_solid.uexp" 305
"../../../Engine/Plugins/Animation/ControlRig/Content/Controls/ControlRig_Circle_3mm.ubulk" 306
"../../../Engine/Plugins/Animation/ControlRig/Content/Controls/ControlRig_Circle_3mm.uasset" 307
"../../../Engine/Plugins/Animation/ControlRig/Content/Controls/ControlRig_Circle_3mm.uexp" 308
"../../../Engine/Plugins/Animation/ControlRig/Content/Controls/ControlRig_Circle_1mm.ubulk" 309
"../../../Engine/Plugins/Animation/ControlRig/Content/Controls/ControlRig_Circle_1mm.uasset" 310
"../../../Engine/Plugins/Animation/ControlRig/Content/Controls/ControlRig_Circle_1mm.uexp" 311
"../../../Engine/Plugins/Animation/ControlRig/Content/Controls/ControlRig_Box_solid.ubulk" 312
"../../../Engine/Plugins/Animation/ControlRig/Content/Controls/ControlRig_Box_solid.uasset" 313
"../../../Engine/Plugins/Animation/ControlRig/Content/Controls/ControlRig_Box_solid.uexp" 314
"../../../Engine/Plugins/Animation/ControlRig/Content/Controls/ControlRig_Box_3mm.ubulk" 315
"../../../Engine/Plugins/Animation/ControlRig/Content/Controls/ControlRig_Box_3mm.uasset" 316
"../../../Engine/Plugins/Animation/ControlRig/Content/Controls/ControlRig_Box_3mm.uexp" 317
"../../../Engine/Plugins/Animation/ControlRig/Content/Controls/ControlRig_Box_1mm.ubulk" 318
"../../../Engine/Plugins/Animation/ControlRig/Content/Controls/ControlRig_Box_1mm.uasset" 319
"../../../Engine/Plugins/Animation/ControlRig/Content/Controls/ControlRig_Box_1mm.uexp" 320
"../../../Engine/Plugins/Animation/ControlRig/Content/Controls/ControlRig_Arrow_solid.ubulk" 321
"../../../Engine/Plugins/Animation/ControlRig/Content/Controls/ControlRig_Arrow_solid.uasset" 322
"../../../Engine/Plugins/Animation/ControlRig/Content/Controls/ControlRig_Arrow_solid.uexp" 323
"../../../Engine/Plugins/Animation/ControlRig/Content/Controls/ControlRig_Arrow_3mm.ubulk" 324
"../../../Engine/Plugins/Animation/ControlRig/Content/Controls/ControlRig_Arrow_3mm.uasset" 325
"../../../Engine/Plugins/Animation/ControlRig/Content/Controls/ControlRig_Arrow_3mm.uexp" 326
"../../../Engine/Plugins/Animation/ControlRig/Content/Controls/ControlRig_Arrow_1mm.ubulk" 327
"../../../Engine/Plugins/Animation/ControlRig/Content/Controls/ControlRig_Arrow_1mm.uasset" 328
"../../../Engine/Plugins/Animation/ControlRig/Content/Controls/ControlRig_Arrow_1mm.uexp" 329
"../../../Engine/Plugins/Animation/ControlRig/Content/Controls/ControlRig_Arrow4_solid.ubulk" 330
"../../../Engine/Plugins/Animation/ControlRig/Content/Controls/ControlRig_Arrow4_solid.uasset" 331
"../../../Engine/Plugins/Animation/ControlRig/Content/Controls/ControlRig_Arrow4_solid.uexp" 332
"../../../Engine/Plugins/Animation/ControlRig/Content/Controls/ControlRig_Arrow4_3mm.ubulk" 333
"../../../Engine/Plugins/Animation/ControlRig/Content/Controls/ControlRig_Arrow4_3mm.uasset" 334
"../../../Engine/Plugins/Animation/ControlRig/Content/Controls/ControlRig_Arrow4_3mm.uexp" 335
"../../../Engine/Plugins/Animation/ControlRig/Content/Controls/ControlRig_Arrow4_1mm.ubulk" 336
"../../../Engine/Plugins/Animation/ControlRig/Content/Controls/ControlRig_Arrow4_1mm.uasset" 337
"../../../Engine/Plugins/Animation/ControlRig/Content/Controls/ControlRig_Arrow4_1mm.uexp" 338
"../../../Engine/Plugins/Animation/ControlRig/Content/Controls/ControlRig_Arrow2_solid.ubulk" 339
"../../../Engine/Plugins/Animation/ControlRig/Content/Controls/ControlRig_Arrow2_solid.uasset" 340
"../../../Engine/Plugins/Animation/ControlRig/Content/Controls/ControlRig_Arrow2_solid.uexp" 341
"../../../Engine/Plugins/Animation/ControlRig/Content/Controls/ControlRig_Arrow2_3mm.ubulk" 342
"../../../Engine/Plugins/Animation/ControlRig/Content/Controls/ControlRig_Arrow2_3mm.uasset" 343
"../../../Engine/Plugins/Animation/ControlRig/Content/Controls/ControlRig_Arrow2_3mm.uexp" 344
"../../../Engine/Plugins/Animation/ControlRig/Content/Controls/ControlRig_Arrow2_1mm.ubulk" 345
"../../../Engine/Plugins/Animation/ControlRig/Content/Controls/ControlRig_Arrow2_1mm.uasset" 346
"../../../Engine/Plugins/Animation/ControlRig/Content/Controls/ControlRig_Arrow2_1mm.uexp" 347
"../../../Engine/Plugins/Animation/ControlRig/Content/Controls/ControlRigXRayMaterial.uasset" 348
"../../../Engine/Plugins/Animation/ControlRig/Content/Controls/ControlRigXRayMaterial.uexp" 349
"../../../Engine/Plugins/Animation/ControlRig/Content/Controls/ControlRigGizmoMaterial.uasset" 350
"../../../Engine/Plugins/Animation/ControlRig/Content/Controls/ControlRigGizmoMaterial.uexp" 351
"../../../Engine/Content/MobileResources/HUD/VirtualJoystick_Background.uasset" 352
"../../../Engine/Content/MobileResources/HUD/VirtualJoystick_Background.uexp" 353
"../../../Engine/Content/MobileResources/HUD/VirtualJoystick_Thumb.uasset" 354
"../../../Engine/Content/MobileResources/HUD/VirtualJoystick_Thumb.uexp" 355
"../../../Engine/Content/MobileResources/HUD/DefaultVirtualJoysticks.uasset" 356
"../../../Engine/Content/MobileResources/HUD/DefaultVirtualJoysticks.uexp" 357
"../../../Engine/Content/Functions/Engine_MaterialFunctions01/Shading/PowerToRoughness.uasset" 358
"../../../Engine/Content/Functions/Engine_MaterialFunctions01/Shading/PowerToRoughness.uexp" 359
"../../../Engine/Content/Functions/Engine_MaterialFunctions01/Shading/ConvertFromDiffSpec.uasset" 360
"../../../Engine/Content/Functions/Engine_MaterialFunctions01/Shading/ConvertFromDiffSpec.uexp" 361
"../../../Engine/Content/EngineSounds/Master.uasset" 362
"../../../Engine/Content/EngineSounds/Master.uexp" 363
"../../../Engine/Content/EngineSky/VolumetricClouds/CloudWeatherTexture.uasset" 364
"../../../Engine/Content/EngineSky/VolumetricClouds/CloudWeatherTexture.uexp" 365
"../../../Engine/Content/Functions/Engine_MaterialFunctions02/Utility/MakeFloat2.uasset" 366
"../../../Engine/Content/Functions/Engine_MaterialFunctions02/Utility/MakeFloat2.uexp" 367
"../../../Engine/Content/EngineSky/VolumetricClouds/CloudGradientTexture.uasset" 368
"../../../Engine/Content/EngineSky/VolumetricClouds/CloudGradientTexture.uexp" 369
"../../../Engine/Content/EngineSky/VolumetricClouds/T_NoiseShape64.ubulk" 370
"../../../Engine/Content/EngineSky/VolumetricClouds/T_NoiseShape64.uasset" 371
"../../../Engine/Content/EngineSky/VolumetricClouds/T_NoiseShape64.uexp" 372
"../../../Engine/Content/EngineSky/VolumetricClouds/T_VolumeNoiseShape64.uasset" 373
"../../../Engine/Content/EngineSky/VolumetricClouds/T_VolumeNoiseShape64.uexp" 374
"../../../Engine/Content/EngineSky/VolumetricClouds/T_NoiseErosion.ubulk" 375
"../../../Engine/Content/EngineSky/VolumetricClouds/T_NoiseErosion.uasset" 376
"../../../Engine/Content/EngineSky/VolumetricClouds/T_NoiseErosion.uexp" 377
"../../../Engine/Content/EngineSky/VolumetricClouds/T_VolumeNoiseErosion32.uasset" 378
"../../../Engine/Content/EngineSky/VolumetricClouds/T_VolumeNoiseErosion32.uexp" 379
"../../../Engine/Content/EngineSky/VolumetricClouds/m_SimpleVolumetricCloud.uasset" 380
"../../../Engine/Content/EngineSky/VolumetricClouds/m_SimpleVolumetricCloud.uexp" 381
"../../../Engine/Content/EngineSky/VolumetricClouds/m_SimpleVolumetricCloud_Inst.uasset" 382
"../../../Engine/Content/EngineSky/VolumetricClouds/m_SimpleVolumetricCloud_Inst.uexp" 383
"../../../Engine/Content/EngineResources/FilmGrains/Marcie_Grain_v3_128_M2_000.uasset" 384
"../../../Engine/Content/EngineResources/FilmGrains/Marcie_Grain_v3_128_M2_000.uexp" 385
"../../../Engine/Content/EngineResources/WhiteSquareTexture.uasset" 386
"../../../Engine/Content/EngineResources/WhiteSquareTexture.uexp" 387
"../../../Engine/Content/EngineMaterials/Widget3DPassThrough.uasset" 388
"../../../Engine/Content/EngineMaterials/Widget3DPassThrough.uexp" 389
"../../../Engine/Content/EngineMaterials/Widget3DPassThrough_Translucent.uasset" 390
"../../../Engine/Content/EngineMaterials/Widget3DPassThrough_Translucent.uexp" 391
"../../../Engine/Content/EngineMaterials/Widget3DPassThrough_Translucent_OneSided.uasset" 392
"../../../Engine/Content/EngineMaterials/Widget3DPassThrough_Translucent_OneSided.uexp" 393
"../../../Engine/Content/EngineMaterials/Widget3DPassThrough_Opaque.uasset" 394
"../../../Engine/Content/EngineMaterials/Widget3DPassThrough_Opaque.uexp" 395
"../../../Engine/Content/EngineMaterials/Widget3DPassThrough_Opaque_OneSided.uasset" 396
"../../../Engine/Content/EngineMaterials/Widget3DPassThrough_Opaque_OneSided.uexp" 397
"../../../Engine/Content/EngineMaterials/Widget3DPassThrough_Masked_OneSided.uasset" 398
"../../../Engine/Content/EngineMaterials/Widget3DPassThrough_Masked_OneSided.uexp" 399
"../../../Engine/Content/EngineMaterials/Widget3DPassThrough_Masked.uasset" 400
"../../../Engine/Content/EngineMaterials/Widget3DPassThrough_Masked.uexp" 401
"../../../Engine/Content/EngineMaterials/STBlueNoise_vec2_128x128x64.uasset" 402
"../../../Engine/Content/EngineMaterials/STBlueNoise_vec2_128x128x64.uexp" 403
"../../../Engine/Content/EngineMaterials/STBlueNoise_scalar_128x128x64.uasset" 404
"../../../Engine/Content/EngineMaterials/STBlueNoise_scalar_128x128x64.uexp" 405
"../../../Engine/Content/EngineMaterials/RemoveSurfaceMaterial.uasset" 406
"../../../Engine/Content/EngineMaterials/RemoveSurfaceMaterial.uexp" 407
"../../../Engine/Content/EngineMaterials/DefaultCalibrationGrayscale.uasset" 408
"../../../Engine/Content/EngineMaterials/DefaultCalibrationGrayscale.uexp" 409
"../../../Engine/Content/EngineMaterials/PPM_DefaultCalibrationGrayscale.uasset" 410
"../../../Engine/Content/EngineMaterials/PPM_DefaultCalibrationGrayscale.uexp" 411
"../../../Engine/Content/EngineMaterials/DefaultCalibrationColor.uasset" 412
"../../../Engine/Content/EngineMaterials/DefaultCalibrationColor.uexp" 413
"../../../Engine/Content/EngineMaterials/PPM_DefaultCalibrationColor.uasset" 414
"../../../Engine/Content/EngineMaterials/PPM_DefaultCalibrationColor.uexp" 415
"../../../Engine/Content/EngineMaterials/PhAT_JointLimitMaterial.uasset" 416
"../../../Engine/Content/EngineMaterials/PhAT_JointLimitMaterial.uexp" 417
"../../../Engine/Content/EngineMaterials/NaniteHiddenSectionMaterial.uasset" 418
"../../../Engine/Content/EngineMaterials/NaniteHiddenSectionMaterial.uexp" 419
"../../../Engine/Content/EngineMaterials/InvalidLightmapSettings.ubulk" 420
"../../../Engine/Content/EngineMaterials/InvalidLightmapSettings.uasset" 421
"../../../Engine/Content/EngineMaterials/InvalidLightmapSettings.uexp" 422
"../../../Engine/Content/EngineMaterials/M_InvalidLightmapSettings.uasset" 423
"../../../Engine/Content/EngineMaterials/M_InvalidLightmapSettings.uexp" 424
"../../../Engine/Content/EngineMaterials/GizmoMaterial.uasset" 425
"../../../Engine/Content/EngineMaterials/GizmoMaterial.uexp" 426
"../../../Engine/Content/EngineMaterials/BaseFlattenEmissiveMap_VT.uasset" 427
"../../../Engine/Content/EngineMaterials/BaseFlattenEmissiveMap_VT.uexp" 428
"../../../Engine/Content/EngineMaterials/BaseFlattenGrayscaleMap_VT.uasset" 429
"../../../Engine/Content/EngineMaterials/BaseFlattenGrayscaleMap_VT.uexp" 430
"../../../Engine/Content/EngineMaterials/BaseFlattenLinearColor_VT.uasset" 431
"../../../Engine/Content/EngineMaterials/BaseFlattenLinearColor_VT.uexp" 432
"../../../Engine/Content/EngineMaterials/Black_1x1_EXR_Texture_VT.uasset" 433
"../../../Engine/Content/EngineMaterials/Black_1x1_EXR_Texture_VT.uexp" 434
"../../../Engine/Content/EngineMaterials/BaseFlattenDiffuseMap_VT.uasset" 435
"../../../Engine/Content/EngineMaterials/BaseFlattenDiffuseMap_VT.uexp" 436
"../../../Engine/Content/EngineMaterials/BaseFlattenNormalMap_VT.uasset" 437
"../../../Engine/Content/EngineMaterials/BaseFlattenNormalMap_VT.uexp" 438
"../../../Engine/Content/EngineMaterials/FlattenMaterial_WS_Normal_VT.uasset" 439
"../../../Engine/Content/EngineMaterials/FlattenMaterial_WS_Normal_VT.uexp" 440
"../../../Engine/Content/EngineMaterials/FlattenMaterial_VT.uasset" 441
"../../../Engine/Content/EngineMaterials/FlattenMaterial_VT.uexp" 442
"../../../Engine/Content/EngineMaterials/BaseFlattenNormalMap.uasset" 443
"../../../Engine/Content/EngineMaterials/BaseFlattenNormalMap.uexp" 444
"../../../Engine/Content/EngineMaterials/BaseFlattenGrayscaleMap.uasset" 445
"../../../Engine/Content/EngineMaterials/BaseFlattenGrayscaleMap.uexp" 446
"../../../Engine/Content/EngineMaterials/BaseFlattenDiffuseMap.uasset" 447
"../../../Engine/Content/EngineMaterials/BaseFlattenDiffuseMap.uexp" 448
"../../../Engine/Content/Functions/Engine_MaterialFunctions02/PivotPainter2/Black_1x1_EXR_Texture.uasset" 449
"../../../Engine/Content/Functions/Engine_MaterialFunctions02/PivotPainter2/Black_1x1_EXR_Texture.uexp" 450
"../../../Engine/Content/EngineMaterials/BaseFlattenEmissiveMap.uasset" 451
"../../../Engine/Content/EngineMaterials/BaseFlattenEmissiveMap.uexp" 452
"../../../Engine/Content/EngineMaterials/BaseFlattenLinearColor.uasset" 453
"../../../Engine/Content/EngineMaterials/BaseFlattenLinearColor.uexp" 454
"../../../Engine/Content/EngineMaterials/FlattenMaterial.uasset" 455
"../../../Engine/Content/EngineMaterials/FlattenMaterial.uexp" 456
"../../../Engine/Content/EngineMaterials/DefaultWhiteGrid_Low.uasset" 457
"../../../Engine/Content/EngineMaterials/DefaultWhiteGrid_Low.uexp" 458
"../../../Engine/Content/EngineMaterials/EmissiveMeshMaterial.uasset" 459
"../../../Engine/Content/EngineMaterials/EmissiveMeshMaterial.uexp" 460
"../../../Engine/Content/EngineFonts/RobotoDistanceField.uasset" 461
"../../../Engine/Content/EngineFonts/RobotoDistanceField.uexp" 462
"../../../Engine/Content/EngineMaterials/DefaultTextMaterialOpaque.uasset" 463
"../../../Engine/Content/EngineMaterials/DefaultTextMaterialOpaque.uexp" 464
"../../../Engine/Content/EngineMaterials/DefaultDiffuse.ubulk" 465
"../../../Engine/Content/EngineMaterials/DefaultDiffuse.uasset" 466
"../../../Engine/Content/EngineMaterials/DefaultDiffuse.uexp" 467
"../../../Engine/Content/Functions/Engine_MaterialFunctions02/Utility/BreakOutFloat2Components.uasset" 468
"../../../Engine/Content/Functions/Engine_MaterialFunctions02/Utility/BreakOutFloat2Components.uexp" 469
"../../../Engine/Content/EngineMaterials/DefaultPostProcessMaterial.uasset" 470
"../../../Engine/Content/EngineMaterials/DefaultPostProcessMaterial.uexp" 471
"../../../Engine/Content/EngineMaterials/DefaultPhysicalMaterial.uasset" 472
"../../../Engine/Content/EngineMaterials/DefaultPhysicalMaterial.uexp" 473
"../../../Engine/Content/EngineMaterials/DefaultLightFunctionMaterial.uasset" 474
"../../../Engine/Content/EngineMaterials/DefaultLightFunctionMaterial.uexp" 475
"../../../Engine/Content/EngineMaterials/DefaultDestructiblePhysicalMaterial.uasset" 476
"../../../Engine/Content/EngineMaterials/DefaultDestructiblePhysicalMaterial.uexp" 477
"../../../Engine/Content/EngineMaterials/DefaultDeferredDecalMaterial.uasset" 478
"../../../Engine/Content/EngineMaterials/DefaultDeferredDecalMaterial.uexp" 479
"../../../Engine/Content/EngineMaterials/DefaultBloomKernel.uasset" 480
"../../../Engine/Content/EngineMaterials/DefaultBloomKernel.uexp" 481
"../../../Engine/Content/EngineFonts/Faces/RobotoLight.uexp" 482
"../../../Engine/Content/EngineFonts/Faces/RobotoLight.uasset" 483
"../../../Engine/Content/EngineFonts/Faces/RobotoLight.ufont" 484
"../../../Engine/Content/EngineFonts/Faces/RobotoBold.uexp" 485
"../../../Engine/Content/EngineFonts/Faces/RobotoBold.uasset" 486
"../../../Engine/Content/EngineFonts/Faces/RobotoBold.ufont" 487
"../../../Engine/Content/EngineFonts/Faces/RobotoRegular.uexp" 488
"../../../Engine/Content/EngineFonts/Faces/RobotoRegular.uasset" 489
"../../../Engine/Content/EngineFonts/Faces/RobotoRegular.ufont" 490
"../../../Engine/Content/EngineFonts/Faces/DroidSansFallback.uexp" 491
"../../../Engine/Content/EngineFonts/Faces/DroidSansFallback.uasset" 492
"../../../Engine/Content/EngineFonts/Faces/DroidSansFallback.ufont" 493
"../../../Engine/Content/EngineFonts/Faces/RobotoItalic.uexp" 494
"../../../Engine/Content/EngineFonts/Faces/RobotoItalic.uasset" 495
"../../../Engine/Content/EngineFonts/Faces/RobotoItalic.ufont" 496
"../../../Engine/Content/EngineFonts/Faces/RobotoBoldItalic.uexp" 497
"../../../Engine/Content/EngineFonts/Faces/RobotoBoldItalic.uasset" 498
"../../../Engine/Content/EngineFonts/Faces/RobotoBoldItalic.ufont" 499
"../../../Engine/Content/EngineFonts/Roboto.uasset" 500
"../../../Engine/Content/EngineFonts/Roboto.uexp" 501
"../../../Engine/Content/Functions/Engine_MaterialFunctions02/Utility/CameraDirectionVector.uasset" 502
"../../../Engine/Content/Functions/Engine_MaterialFunctions02/Utility/CameraDirectionVector.uexp" 503
"../../../Engine/Content/EngineDebugMaterials/VolumeToRender.uasset" 504
"../../../Engine/Content/EngineDebugMaterials/VolumeToRender.uexp" 505
"../../../Engine/Content/EngineDebugMaterials/M_VolumeRenderSphereTracePP.uasset" 506
"../../../Engine/Content/EngineDebugMaterials/M_VolumeRenderSphereTracePP.uexp" 507
"../../../Engine/Content/EngineDebugMaterials/M_SimpleUnlitTranslucent.uasset" 508
"../../../Engine/Content/EngineDebugMaterials/M_SimpleUnlitTranslucent.uexp" 509
"../../../Engine/Content/EngineDebugMaterials/DebugMeshMaterial.uasset" 510
"../../../Engine/Content/EngineDebugMaterials/DebugMeshMaterial.uexp" 511
"../../../Engine/Content/EngineDebugMaterials/DebugEditorMaterial.uasset" 512
"../../../Engine/Content/EngineDebugMaterials/DebugEditorMaterial.uexp" 513
"../../../Engine/Content/EngineDamageTypes/DmgTypeBP_Environmental.uasset" 514
"../../../Engine/Content/EngineDamageTypes/DmgTypeBP_Environmental.uexp" 515
"../../../Engine/Content/EditorResources/S_Terrain.ubulk" 516
"../../../Engine/Content/EditorResources/S_Terrain.uasset" 517
"../../../Engine/Content/EditorResources/S_Terrain.uexp" 518
"../../../Engine/Content/EditorResources/EmptyActor.uasset" 519
"../../../Engine/Content/EditorResources/EmptyActor.uexp" 520
"../../../Engine/Content/EditorResources/BSPVertex.uasset" 521
"../../../Engine/Content/EditorResources/BSPVertex.uexp" 522
"../../../Engine/Content/EditorResources/SequenceRecorder/RecordingIndicator.uasset" 523
"../../../Engine/Content/EditorResources/SequenceRecorder/RecordingIndicator.uexp" 524
"../../../Engine/Content/EditorResources/SequenceRecorder/Countdown.uasset" 525
"../../../Engine/Content/EditorResources/SequenceRecorder/Countdown.uexp" 526
"../../../Engine/Content/EditorResources/LightIcons/S_LightError.uasset" 527
"../../../Engine/Content/EditorResources/LightIcons/S_LightError.uexp" 528
"../../../Engine/Content/EditorMaterials/PreviewShadowIndicator.ubulk" 529
"../../../Engine/Content/EditorMaterials/PreviewShadowIndicator.uasset" 530
"../../../Engine/Content/EditorMaterials/PreviewShadowIndicator.uexp" 531
"../../../Engine/Content/EditorMaterials/PreviewShadowIndicatorMaterial.uasset" 532
"../../../Engine/Content/EditorMaterials/PreviewShadowIndicatorMaterial.uexp" 533
"../../../Engine/Content/EditorMaterials/PhAT_UnselectedMaterial.uasset" 534
"../../../Engine/Content/EditorMaterials/PhAT_UnselectedMaterial.uexp" 535
"../../../Engine/Content/EditorMaterials/PhAT_NoCollisionMaterial.uasset" 536
"../../../Engine/Content/EditorMaterials/PhAT_NoCollisionMaterial.uexp" 537
"../../../Engine/Content/EditorLandscapeResources/DefaultAlphaTexture.uasset" 538
"../../../Engine/Content/EditorLandscapeResources/DefaultAlphaTexture.uexp" 539
"../../../Engine/Content/EditorLandscapeResources/DataLayer.uasset" 540
"../../../Engine/Content/EditorLandscapeResources/DataLayer.uexp" 541
"../../../Engine/Content/EngineMaterials/DefaultMaterial.uasset" 542
"../../../Engine/Content/EngineMaterials/DefaultMaterial.uexp" 543
"../../../Engine/Content/BasicShapes/Sphere.ubulk" 544
"../../../Engine/Content/BasicShapes/Sphere.uasset" 545
"../../../Engine/Content/BasicShapes/Sphere.uexp" 546
"../../../Engine/Content/BasicShapes/Cone.ubulk" 547
"../../../Engine/Content/BasicShapes/Cone.uasset" 548
"../../../Engine/Content/BasicShapes/Cone.uexp" 549
"../../../Engine/Content/Animation/DefaultRecorderBoneCompression.uasset" 550
"../../../Engine/Content/Animation/DefaultRecorderBoneCompression.uexp" 551
"../../../Engine/Content/Animation/DefaultAnimCurveCompressionSettings.uasset" 552
"../../../Engine/Content/Animation/DefaultAnimCurveCompressionSettings.uexp" 553
"../../../Engine/Content/Animation/DefaultAnimBoneCompressionSettings.uasset" 554
"../../../Engine/Content/Animation/DefaultAnimBoneCompressionSettings.uexp" 555
"../../../Engine/Content/BasicShapes/Cube.ubulk" 556
"../../../Engine/Content/BasicShapes/Cube.uasset" 557
"../../../Engine/Content/BasicShapes/Cube.uexp" 558
"../../../Engine/Content/BasicShapes/Plane.ubulk" 559
"../../../Engine/Content/BasicShapes/Plane.uasset" 560
"../../../Engine/Content/BasicShapes/Plane.uexp" 561
"C:/Users/KPawlikowski/Desktop/HydraulicTrainerProject/HydraulicTest/Content/StarterContent/Materials/M_Glass.uasset" 562
"C:/Users/KPawlikowski/Desktop/HydraulicTrainerProject/HydraulicTest/Content/StarterContent/Materials/M_Glass.uexp" 563
"C:/Users/KPawlikowski/Desktop/HydraulicTrainerProject/HydraulicTest/Content/Meshes/ClearCylinder.ubulk" 564
"C:/Users/KPawlikowski/Desktop/HydraulicTrainerProject/HydraulicTest/Content/Meshes/ClearCylinder.uasset" 565
"C:/Users/KPawlikowski/Desktop/HydraulicTrainerProject/HydraulicTest/Content/Meshes/ClearCylinder.uexp" 566
"C:/Users/KPawlikowski/Desktop/HydraulicTrainerProject/HydraulicTest/Content/Blueprints/Direction.uasset" 567
"C:/Users/KPawlikowski/Desktop/HydraulicTrainerProject/HydraulicTest/Content/Blueprints/Direction.uexp" 568
"C:/Users/KPawlikowski/Desktop/HydraulicTrainerProject/HydraulicTest/Content/Materials_Textures/TestMat.uasset" 569
"C:/Users/KPawlikowski/Desktop/HydraulicTrainerProject/HydraulicTest/Content/Materials_Textures/TestMat.uexp" 570
"C:/Users/KPawlikowski/Desktop/HydraulicTrainerProject/HydraulicTest/Content/Materials_Textures/CounterClockwiseDecal.uasset" 571
"C:/Users/KPawlikowski/Desktop/HydraulicTrainerProject/HydraulicTest/Content/Materials_Textures/CounterClockwiseDecal.uexp" 572
"C:/Users/KPawlikowski/Desktop/HydraulicTrainerProject/HydraulicTest/Content/Materials_Textures/CounterClockwiseDecalMat.uasset" 573
"C:/Users/KPawlikowski/Desktop/HydraulicTrainerProject/HydraulicTest/Content/Materials_Textures/CounterClockwiseDecalMat.uexp" 574
"C:/Users/KPawlikowski/Desktop/HydraulicTrainerProject/HydraulicTest/Content/Blueprints/AttachSequence.uasset" 575
"C:/Users/KPawlikowski/Desktop/HydraulicTrainerProject/HydraulicTest/Content/Blueprints/AttachSequence.uexp" 576
"C:/Users/KPawlikowski/Desktop/HydraulicTrainerProject/HydraulicTest/Content/Blueprints/PossibleSequences.uasset" 577
"C:/Users/KPawlikowski/Desktop/HydraulicTrainerProject/HydraulicTest/Content/Blueprints/PossibleSequences.uexp" 578
"C:/Users/KPawlikowski/Desktop/HydraulicTrainerProject/HydraulicTest/Content/Blueprints/Category.uasset" 579
"C:/Users/KPawlikowski/Desktop/HydraulicTrainerProject/HydraulicTest/Content/Blueprints/Category.uexp" 580
"C:/Users/KPawlikowski/Desktop/HydraulicTrainerProject/HydraulicTest/Content/Blueprints/TurnDIal.uasset" 581
"C:/Users/KPawlikowski/Desktop/HydraulicTrainerProject/HydraulicTest/Content/Blueprints/TurnDIal.uexp" 582
"C:/Users/KPawlikowski/Desktop/HydraulicTrainerProject/HydraulicTest/Content/Widgets/Controlls.uasset" 583
"C:/Users/KPawlikowski/Desktop/HydraulicTrainerProject/HydraulicTest/Content/Widgets/Controlls.uexp" 584
"C:/Users/KPawlikowski/Desktop/HydraulicTrainerProject/HydraulicTest/Content/Widgets/Descriptor.uasset" 585
"C:/Users/KPawlikowski/Desktop/HydraulicTrainerProject/HydraulicTest/Content/Widgets/Descriptor.uexp" 586
"C:/Users/KPawlikowski/Desktop/HydraulicTrainerProject/HydraulicTest/Content/Materials_Textures/Outline.uasset" 587
"C:/Users/KPawlikowski/Desktop/HydraulicTrainerProject/HydraulicTest/Content/Materials_Textures/Outline.uexp" 588
"C:/Users/KPawlikowski/Desktop/HydraulicTrainerProject/HydraulicTest/Content/Materials_Textures/Outline_Inst.uasset" 589
"C:/Users/KPawlikowski/Desktop/HydraulicTrainerProject/HydraulicTest/Content/Materials_Textures/Outline_Inst.uexp" 590
"C:/Users/KPawlikowski/Desktop/HydraulicTrainerProject/HydraulicTest/Content/Materials_Textures/Metal.uasset" 591
"C:/Users/KPawlikowski/Desktop/HydraulicTrainerProject/HydraulicTest/Content/Materials_Textures/Metal.uexp" 592
"C:/Users/KPawlikowski/Desktop/HydraulicTrainerProject/HydraulicTest/Content/Meshes/QuickConnect.ubulk" 593
"C:/Users/KPawlikowski/Desktop/HydraulicTrainerProject/HydraulicTest/Content/Meshes/QuickConnect.uasset" 594
"C:/Users/KPawlikowski/Desktop/HydraulicTrainerProject/HydraulicTest/Content/Meshes/QuickConnect.uexp" 595
"../../../Engine/Content/EditorBlueprintResources/StandardMacros.uasset" 596
"../../../Engine/Content/EditorBlueprintResources/StandardMacros.uexp" 597
"C:/Users/KPawlikowski/Desktop/HydraulicTrainerProject/HydraulicTest/Content/Blueprints/AttachPoint.uasset" 598
"C:/Users/KPawlikowski/Desktop/HydraulicTrainerProject/HydraulicTest/Content/Blueprints/AttachPoint.uexp" 599
"C:/Users/KPawlikowski/Desktop/HydraulicTrainerProject/HydraulicTest/Content/Materials_Textures/HoseMaterial.uasset" 600
"C:/Users/KPawlikowski/Desktop/HydraulicTrainerProject/HydraulicTest/Content/Materials_Textures/HoseMaterial.uexp" 601
"C:/Users/KPawlikowski/Desktop/HydraulicTrainerProject/HydraulicTest/Content/Blueprints/Hose.uasset" 602
"C:/Users/KPawlikowski/Desktop/HydraulicTrainerProject/HydraulicTest/Content/Blueprints/Hose.uexp" 603
"C:/Users/KPawlikowski/Desktop/HydraulicTrainerProject/HydraulicTest/Content/Blueprints/Player_Cam.uasset" 604
"C:/Users/KPawlikowski/Desktop/HydraulicTrainerProject/HydraulicTest/Content/Blueprints/Player_Cam.uexp" 605
"C:/Users/KPawlikowski/Desktop/HydraulicTrainerProject/HydraulicTest/Content/Materials_Textures/BlackConncector1.uasset" 606
"C:/Users/KPawlikowski/Desktop/HydraulicTrainerProject/HydraulicTest/Content/Materials_Textures/BlackConncector1.uexp" 607
"C:/Users/KPawlikowski/Desktop/HydraulicTrainerProject/HydraulicTest/Content/Meshes/BlackConncector.ubulk" 608
"C:/Users/KPawlikowski/Desktop/HydraulicTrainerProject/HydraulicTest/Content/Meshes/BlackConncector.uasset" 609
"C:/Users/KPawlikowski/Desktop/HydraulicTrainerProject/HydraulicTest/Content/Meshes/BlackConncector.uexp" 610
"C:/Users/KPawlikowski/Desktop/HydraulicTrainerProject/HydraulicTest/Content/Materials_Textures/Metal1.uasset" 611
"C:/Users/KPawlikowski/Desktop/HydraulicTrainerProject/HydraulicTest/Content/Materials_Textures/Metal1.uexp" 612
"C:/Users/KPawlikowski/Desktop/HydraulicTrainerProject/HydraulicTest/Content/Blueprints/HydroSimulatorGameMode.uasset" 613
"C:/Users/KPawlikowski/Desktop/HydraulicTrainerProject/HydraulicTest/Content/Blueprints/HydroSimulatorGameMode.uexp" 614
"../../../Engine/Content/EngineSky/C_Sky_Horizon_Color.uasset" 615
"../../../Engine/Content/EngineSky/C_Sky_Horizon_Color.uexp" 616
"../../../Engine/Content/EngineSky/T_Sky_Stars.ubulk" 617
"../../../Engine/Content/EngineSky/T_Sky_Stars.uasset" 618
"../../../Engine/Content/EngineSky/T_Sky_Stars.uexp" 619
"../../../Engine/Content/EngineSky/T_Sky_Clouds_M.ubulk" 620
"../../../Engine/Content/EngineSky/T_Sky_Clouds_M.uasset" 621
"../../../Engine/Content/EngineSky/T_Sky_Clouds_M.uexp" 622
"../../../Engine/Content/EngineSky/T_Sky_Blue.ubulk" 623
"../../../Engine/Content/EngineSky/T_Sky_Blue.uasset" 624
"../../../Engine/Content/EngineSky/T_Sky_Blue.uexp" 625
"../../../Engine/Content/EngineSky/M_Sky_Panning_Clouds2.uasset" 626
"../../../Engine/Content/EngineSky/M_Sky_Panning_Clouds2.uexp" 627
"../../../Engine/Content/EngineSky/SM_SkySphere.ubulk" 628
"../../../Engine/Content/EngineSky/SM_SkySphere.uasset" 629
"../../../Engine/Content/EngineSky/SM_SkySphere.uexp" 630
"../../../Engine/Content/EngineSky/C_Sky_Cloud_Color.uasset" 631
"../../../Engine/Content/EngineSky/C_Sky_Cloud_Color.uexp" 632
"../../../Engine/Content/EngineSky/C_Sky_Zenith_Color.uasset" 633
"../../../Engine/Content/EngineSky/C_Sky_Zenith_Color.uexp" 634
"../../../Engine/Content/EngineSky/BP_Sky_Sphere.uasset" 635
"../../../Engine/Content/EngineSky/BP_Sky_Sphere.uexp" 636
"C:/Users/KPawlikowski/Desktop/HydraulicTrainerProject/HydraulicTest/Content/Meshes/Material__22_Slot__1_002.uasset" 637
"C:/Users/KPawlikowski/Desktop/HydraulicTrainerProject/HydraulicTest/Content/Meshes/Material__22_Slot__1_002.uexp" 638
"C:/Users/KPawlikowski/Desktop/HydraulicTrainerProject/HydraulicTest/Content/Meshes/Fan.ubulk" 639
"C:/Users/KPawlikowski/Desktop/HydraulicTrainerProject/HydraulicTest/Content/Meshes/Fan.uasset" 640
"C:/Users/KPawlikowski/Desktop/HydraulicTrainerProject/HydraulicTest/Content/Meshes/Fan.uexp" 641
"C:/Users/KPawlikowski/Desktop/HydraulicTrainerProject/HydraulicTest/Content/StarterContent/Textures/T_Metal_Steel_D.ubulk" 642
"C:/Users/KPawlikowski/Desktop/HydraulicTrainerProject/HydraulicTest/Content/StarterContent/Textures/T_Metal_Steel_D.uasset" 643
"C:/Users/KPawlikowski/Desktop/HydraulicTrainerProject/HydraulicTest/Content/StarterContent/Textures/T_Metal_Steel_D.uexp" 644
"C:/Users/KPawlikowski/Desktop/HydraulicTrainerProject/HydraulicTest/Content/StarterContent/Textures/T_MacroVariation.uasset" 645
"C:/Users/KPawlikowski/Desktop/HydraulicTrainerProject/HydraulicTest/Content/StarterContent/Textures/T_MacroVariation.uexp" 646
"C:/Users/KPawlikowski/Desktop/HydraulicTrainerProject/HydraulicTest/Content/StarterContent/Textures/T_Metal_Steel_N.ubulk" 647
"C:/Users/KPawlikowski/Desktop/HydraulicTrainerProject/HydraulicTest/Content/StarterContent/Textures/T_Metal_Steel_N.uasset" 648
"C:/Users/KPawlikowski/Desktop/HydraulicTrainerProject/HydraulicTest/Content/StarterContent/Textures/T_Metal_Steel_N.uexp" 649
"C:/Users/KPawlikowski/Desktop/HydraulicTrainerProject/HydraulicTest/Content/StarterContent/Materials/M_Metal_Steel.uasset" 650
"C:/Users/KPawlikowski/Desktop/HydraulicTrainerProject/HydraulicTest/Content/StarterContent/Materials/M_Metal_Steel.uexp" 651
"C:/Users/KPawlikowski/Desktop/HydraulicTrainerProject/HydraulicTest/Content/Meshes/Material__22_Slot__2_002.uasset" 652
"C:/Users/KPawlikowski/Desktop/HydraulicTrainerProject/HydraulicTest/Content/Meshes/Material__22_Slot__2_002.uexp" 653
"C:/Users/KPawlikowski/Desktop/HydraulicTrainerProject/HydraulicTest/Content/Meshes/Material__22_Slot__3_002.uasset" 654
"C:/Users/KPawlikowski/Desktop/HydraulicTrainerProject/HydraulicTest/Content/Meshes/Material__22_Slot__3_002.uexp" 655
"C:/Users/KPawlikowski/Desktop/HydraulicTrainerProject/HydraulicTest/Content/Meshes/FanCover.ubulk" 656
"C:/Users/KPawlikowski/Desktop/HydraulicTrainerProject/HydraulicTest/Content/Meshes/FanCover.uasset" 657
"C:/Users/KPawlikowski/Desktop/HydraulicTrainerProject/HydraulicTest/Content/Meshes/FanCover.uexp" 658
"C:/Users/KPawlikowski/Desktop/HydraulicTrainerProject/HydraulicTest/Content/Materials_Textures/BlueMat.uasset" 659
"C:/Users/KPawlikowski/Desktop/HydraulicTrainerProject/HydraulicTest/Content/Materials_Textures/BlueMat.uexp" 660
"C:/Users/KPawlikowski/Desktop/HydraulicTrainerProject/HydraulicTest/Content/Blueprints/Motor.uasset" 661
"C:/Users/KPawlikowski/Desktop/HydraulicTrainerProject/HydraulicTest/Content/Blueprints/Motor.uexp" 662
"../../../Engine/Content/BasicShapes/Cylinder.ubulk" 663
"../../../Engine/Content/BasicShapes/Cylinder.uasset" 664
"../../../Engine/Content/BasicShapes/Cylinder.uexp" 665
"C:/Users/KPawlikowski/Desktop/HydraulicTrainerProject/HydraulicTest/Content/Widgets/FlowControlWidget.uasset" 666
"C:/Users/KPawlikowski/Desktop/HydraulicTrainerProject/HydraulicTest/Content/Widgets/FlowControlWidget.uexp" 667
"C:/Users/KPawlikowski/Desktop/HydraulicTrainerProject/HydraulicTest/Content/Blueprints/FlowControlDial.uasset" 668
"C:/Users/KPawlikowski/Desktop/HydraulicTrainerProject/HydraulicTest/Content/Blueprints/FlowControlDial.uexp" 669
"C:/Users/KPawlikowski/Desktop/HydraulicTrainerProject/HydraulicTest/Content/Materials_Textures/CounterClockwiseFlow_AB.uasset" 670
"C:/Users/KPawlikowski/Desktop/HydraulicTrainerProject/HydraulicTest/Content/Materials_Textures/CounterClockwiseFlow_AB.uexp" 671
"C:/Users/KPawlikowski/Desktop/HydraulicTrainerProject/HydraulicTest/Content/Materials_Textures/CounterClockWiseAB.uasset" 672
"C:/Users/KPawlikowski/Desktop/HydraulicTrainerProject/HydraulicTest/Content/Materials_Textures/CounterClockWiseAB.uexp" 673
"C:/Users/KPawlikowski/Desktop/HydraulicTrainerProject/HydraulicTest/Content/Materials_Textures/Overall.uasset" 674
"C:/Users/KPawlikowski/Desktop/HydraulicTrainerProject/HydraulicTest/Content/Materials_Textures/Overall.uexp" 675
"C:/Users/KPawlikowski/Desktop/HydraulicTrainerProject/HydraulicTest/Content/Materials_Textures/AtoBDecal.uasset" 676
"C:/Users/KPawlikowski/Desktop/HydraulicTrainerProject/HydraulicTest/Content/Materials_Textures/AtoBDecal.uexp" 677
"C:/Users/KPawlikowski/Desktop/HydraulicTrainerProject/HydraulicTest/Content/Materials_Textures/AtoBDecalMat.uasset" 678
"C:/Users/KPawlikowski/Desktop/HydraulicTrainerProject/HydraulicTest/Content/Materials_Textures/AtoBDecalMat.uexp" 679
"../../../Engine/Content/BasicShapes/BasicShapeMaterial.uasset" 680
"../../../Engine/Content/BasicShapes/BasicShapeMaterial.uexp" 681
"C:/Users/KPawlikowski/Desktop/HydraulicTrainerProject/HydraulicTest/Content/Materials_Textures/Copper.uasset" 682
"C:/Users/KPawlikowski/Desktop/HydraulicTrainerProject/HydraulicTest/Content/Materials_Textures/Copper.uexp" 683
"C:/Users/KPawlikowski/Desktop/HydraulicTrainerProject/HydraulicTest/Content/Materials_Textures/BlackNonShiny.uasset" 684
"C:/Users/KPawlikowski/Desktop/HydraulicTrainerProject/HydraulicTest/Content/Materials_Textures/BlackNonShiny.uexp" 685
"C:/Users/KPawlikowski/Desktop/HydraulicTrainerProject/HydraulicTest/Content/Materials_Textures/BlackShiny.uasset" 686
"C:/Users/KPawlikowski/Desktop/HydraulicTrainerProject/HydraulicTest/Content/Materials_Textures/BlackShiny.uexp" 687
"C:/Users/KPawlikowski/Desktop/HydraulicTrainerProject/HydraulicTest/Content/Meshes/HydroBase.ubulk" 688
"C:/Users/KPawlikowski/Desktop/HydraulicTrainerProject/HydraulicTest/Content/Meshes/HydroBase.uasset" 689
"C:/Users/KPawlikowski/Desktop/HydraulicTrainerProject/HydraulicTest/Content/Meshes/HydroBase.uexp" 690
"C:/Users/KPawlikowski/Desktop/HydraulicTrainerProject/HydraulicTest/Content/Meshes/HydroRod.ubulk" 691
"C:/Users/KPawlikowski/Desktop/HydraulicTrainerProject/HydraulicTest/Content/Meshes/HydroRod.uasset" 692
"C:/Users/KPawlikowski/Desktop/HydraulicTrainerProject/HydraulicTest/Content/Meshes/HydroRod.uexp" 693
"C:/Users/KPawlikowski/Desktop/HydraulicTrainerProject/HydraulicTest/Content/Blueprints/Arm.uasset" 694
"C:/Users/KPawlikowski/Desktop/HydraulicTrainerProject/HydraulicTest/Content/Blueprints/Arm.uexp" 695
"C:/Users/KPawlikowski/Desktop/HydraulicTrainerProject/HydraulicTest/Content/Materials_Textures/FlowControlDecal.uasset" 696
"C:/Users/KPawlikowski/Desktop/HydraulicTrainerProject/HydraulicTest/Content/Materials_Textures/FlowControlDecal.uexp" 697
"C:/Users/KPawlikowski/Desktop/HydraulicTrainerProject/HydraulicTest/Content/Materials_Textures/FlowControlDecal_Mat.uasset" 698
"C:/Users/KPawlikowski/Desktop/HydraulicTrainerProject/HydraulicTest/Content/Materials_Textures/FlowControlDecal_Mat.uexp" 699
"C:/Users/KPawlikowski/Desktop/HydraulicTrainerProject/HydraulicTest/Content/Materials_Textures/D_ValveTexture.ubulk" 700
"C:/Users/KPawlikowski/Desktop/HydraulicTrainerProject/HydraulicTest/Content/Materials_Textures/D_ValveTexture.uasset" 701
"C:/Users/KPawlikowski/Desktop/HydraulicTrainerProject/HydraulicTest/Content/Materials_Textures/D_ValveTexture.uexp" 702
"C:/Users/KPawlikowski/Desktop/HydraulicTrainerProject/HydraulicTest/Content/Materials_Textures/D_ValveLabel.uasset" 703
"C:/Users/KPawlikowski/Desktop/HydraulicTrainerProject/HydraulicTest/Content/Materials_Textures/D_ValveLabel.uexp" 704
"C:/Users/KPawlikowski/Desktop/HydraulicTrainerProject/HydraulicTest/Content/Meshes/FlowControl.ubulk" 705
"C:/Users/KPawlikowski/Desktop/HydraulicTrainerProject/HydraulicTest/Content/Meshes/FlowControl.uasset" 706
"C:/Users/KPawlikowski/Desktop/HydraulicTrainerProject/HydraulicTest/Content/Meshes/FlowControl.uexp" 707
"C:/Users/KPawlikowski/Desktop/HydraulicTrainerProject/HydraulicTest/Content/HydroTest1.uexp" 708
"C:/Users/KPawlikowski/Desktop/HydraulicTrainerProject/HydraulicTest/Content/HydroTest1.umap" 709
"../../../Engine/Content/Maps/Entry_BuiltData.uasset" 710
"../../../Engine/Content/Maps/Entry_BuiltData.uexp" 711
"../../../Engine/Content/Maps/Entry.uexp" 712
"../../../Engine/Content/Maps/Entry.umap" 713
